Using pre-set license
Built from '2021.1/staging' branch; Version is '2021.1.15f1 (e767a7370072) revision 15165351'; Using compiler version '192528614'; Build Type 'Release'
OS: 'Windows 10 Home; OS build 19043.1110; Version 2009; 64bit' Language: 'en' Physical Memory: 16246 MB
BatchMode: 1, IsHumanControllingUs: 0, StartBugReporterOnCrash: 0, Is64bit: 1, IsPro: 0

 COMMAND LINE ARGUMENTS:
C:\Program Files\Unity\Hub\Editor\2021.1.15f1\Editor\Unity.exe
-adb2
-batchMode
-noUpm
-name
AssetImportWorker0
-projectPath
D:/My Games/Nightmare-Sacrifice
-logFile
Logs/AssetImportWorker0.log
-srvPort
64582
Successfully changed project path to: D:/My Games/Nightmare-Sacrifice
D:/My Games/Nightmare-Sacrifice
Using Asset Import Pipeline V2.
Refreshing native plugins compatible for Editor in 94.45 ms, found 3 plugins.
Preloading 0 native plugins for Editor in 0.00 ms.
Initialize engine version: 2021.1.15f1 (e767a7370072)
[Subsystems] Discovering subsystems at path C:/Program Files/Unity/Hub/Editor/2021.1.15f1/Editor/Data/Resources/UnitySubsystems
[Subsystems] Discovering subsystems at path D:/My Games/Nightmare-Sacrifice/Assets
GfxDevice: creating device client; threaded=0; jobified=0
Direct3D:
    Version:  Direct3D 11.0 [level 11.1]
    Renderer: NVIDIA GeForce GTX 970M (ID=0x13d8)
    Vendor:   NVIDIA
    VRAM:     3029 MB
    Driver:   27.21.14.6677
Initialize mono
Mono path[0] = 'C:/Program Files/Unity/Hub/Editor/2021.1.15f1/Editor/Data/Managed'
Mono path[1] = 'C:/Program Files/Unity/Hub/Editor/2021.1.15f1/Editor/Data/MonoBleedingEdge/lib/mono/unityjit'
Mono config path = 'C:/Program Files/Unity/Hub/Editor/2021.1.15f1/Editor/Data/MonoBleedingEdge/etc'
Using monoOptions --debugger-agent=transport=dt_socket,embedding=1,server=y,suspend=n,address=127.0.0.1:56724
Begin MonoManager ReloadAssembly
Registering precompiled unity dll's ...
Register platform support module: C:/Program Files/Unity/Hub/Editor/2021.1.15f1/Editor/Data/PlaybackEngines/WebGLSupport/UnityEditor.WebGL.Extensions.dll
Register platform support module: C:/Program Files/Unity/Hub/Editor/2021.1.15f1/Editor/Data/PlaybackEngines/MacStandaloneSupport/UnityEditor.OSXStandalone.Extensions.dll
Register platform support module: C:/Program Files/Unity/Hub/Editor/2021.1.15f1/Editor/Data/PlaybackEngines/WindowsStandaloneSupport/UnityEditor.WindowsStandalone.Extensions.dll
Register platform support module: C:/Program Files/Unity/Hub/Editor/2021.1.15f1/Editor/Data/PlaybackEngines/LinuxStandaloneSupport/UnityEditor.LinuxStandalone.Extensions.dll
Registered in 0.003677 seconds.
Native extension for LinuxStandalone target not found
Native extension for WindowsStandalone target not found
Native extension for OSXStandalone target not found
Native extension for WebGL target not found
Refreshing native plugins compatible for Editor in 105.58 ms, found 3 plugins.
Preloading 0 native plugins for Editor in 0.00 ms.
Mono: successfully reloaded assembly
- Completed reload, in  1.529 seconds
Domain Reload Profiling:
	ReloadAssembly (1529ms)
		BeginReloadAssembly (77ms)
			ExecutionOrderSort (0ms)
			DisableScriptedObjects (0ms)
			BackupInstance (0ms)
			ReleaseScriptingObjects (0ms)
			CreateAndSetChildDomain (1ms)
		EndReloadAssembly (581ms)
			LoadAssemblies (75ms)
			RebuildTransferFunctionScriptingTraits (0ms)
			SetupTypeCache (201ms)
			ReleaseScriptCaches (0ms)
			RebuildScriptCaches (38ms)
			SetupLoadedEditorAssemblies (287ms)
				LogAssemblyErrors (0ms)
				InitializePlatformSupportModulesInManaged (11ms)
				SetLoadedEditorAssemblies (0ms)
				RefreshPlugins (106ms)
				BeforeProcessingInitializeOnLoad (2ms)
				ProcessInitializeOnLoadAttributes (130ms)
				ProcessInitializeOnLoadMethodAttributes (37ms)
				AfterProcessingInitializeOnLoad (0ms)
				EditorAssembliesLoaded (0ms)
			ExecutionOrderSort2 (0ms)
			AwakeInstancesAfterBackupRestoration (0ms)
Platform modules already initialized, skipping
Registering precompiled user dll's ...
Registered in 0.005186 seconds.
Begin MonoManager ReloadAssembly
Symbol file LoadedFromMemory doesn't match image D:\My Games\Nightmare-Sacrifice\Library\PackageCache\com.unity.visualscripting@1.6.1\Editor\VisualScripting.Core\Dependencies\YamlDotNet\Unity.VisualScripting.YamlDotNet.dll
Symbol file LoadedFromMemory doesn't match image D:\My Games\Nightmare-Sacrifice\Library\PackageCache\com.unity.visualscripting@1.6.1\Editor\VisualScripting.Core\Dependencies\DotNetZip\Unity.VisualScripting.IonicZip.dll
Native extension for LinuxStandalone target not found
Native extension for WindowsStandalone target not found
Native extension for OSXStandalone target not found
Native extension for WebGL target not found
Refreshing native plugins compatible for Editor in 1.26 ms, found 3 plugins.
Preloading 0 native plugins for Editor in 0.00 ms.
Mono: successfully reloaded assembly
- Completed reload, in  1.391 seconds
Domain Reload Profiling:
	ReloadAssembly (1392ms)
		BeginReloadAssembly (184ms)
			ExecutionOrderSort (0ms)
			DisableScriptedObjects (7ms)
			BackupInstance (0ms)
			ReleaseScriptingObjects (0ms)
			CreateAndSetChildDomain (24ms)
		EndReloadAssembly (1134ms)
			LoadAssemblies (105ms)
			RebuildTransferFunctionScriptingTraits (0ms)
			SetupTypeCache (465ms)
			ReleaseScriptCaches (1ms)
			RebuildScriptCaches (61ms)
			SetupLoadedEditorAssemblies (383ms)
				LogAssemblyErrors (0ms)
				InitializePlatformSupportModulesInManaged (14ms)
				SetLoadedEditorAssemblies (1ms)
				RefreshPlugins (1ms)
				BeforeProcessingInitializeOnLoad (86ms)
				ProcessInitializeOnLoadAttributes (269ms)
				ProcessInitializeOnLoadMethodAttributes (5ms)
				AfterProcessingInitializeOnLoad (8ms)
				EditorAssembliesLoaded (0ms)
			ExecutionOrderSort2 (0ms)
			AwakeInstancesAfterBackupRestoration (8ms)
Platform modules already initialized, skipping
========================================================================
Worker process is ready to serve import requests
Launched and connected shader compiler UnityShaderCompiler.exe after 0.07 seconds
Refreshing native plugins compatible for Editor in 0.99 ms, found 3 plugins.
Preloading 0 native plugins for Editor in 0.00 ms.
Unloading 2943 Unused Serialized files (Serialized files now loaded: 0)
System memory in use before: 105.6 MB.
System memory in use after: 105.8 MB.

Unloading 23 unused Assets to reduce memory usage. Loaded Objects now: 3386.
Total: 3.734500 ms (FindLiveObjects: 0.311800 ms CreateObjectMapping: 0.182100 ms MarkObjects: 3.109900 ms  DeleteObjects: 0.129400 ms)

AssetImportParameters requested are different than current active one (requested -> active):
  custom:framework-win-MediaFoundation: 216162199b28c13a410421893ffa2e32 -> 
  custom:video-decoder-ogg-theora: a1e56fd34408186e4bbccfd4996cb3dc -> 
  custom:container-muxer-webm: aa71ff27fc2769a1b78a27578f13a17b -> 
  custom:container-demuxer-webm: 4f35f7cbe854078d1ac9338744f61a02 -> 
  custom:container-demuxer-ogg: 62fdf1f143b41e24485cea50d1cbac27 -> 
  custom:video-encoder-webm-vp8: eb34c28f22e8b96e1ab97ce403110664 -> 
  custom:video-decoder-webm-vp8: 9c59270c3fd7afecdb556c50c9e8de78 -> 
  custom:audio-decoder-ogg-vorbis: bf7c407c2cedff20999df2af8eb42d56 -> 
  custom:audio-encoder-webm-vorbis: bf7c407c2cedff20999df2af8eb42d56 -> 
========================================================================
Received Import Request.
  path: Assets
  artifactKey: Guid(00000000000000001000000000000000) Importer(815301076,1909f56bfc062723c751e8b465ee728b)
Start importing Assets using Guid(00000000000000001000000000000000) Importer(815301076,1909f56bfc062723c751e8b465ee728b)  -> (artifact id: '42d402b061de3733987d63b9cc3b64de') in 0.011873 seconds 
========================================================================
Received Import Request.
  Time since last request: 1.505451 seconds.
  path: Assets/Scripts
  artifactKey: Guid(4d3f53be6919225498cdf3fee4f387c8) Importer(815301076,1909f56bfc062723c751e8b465ee728b)
Start importing Assets/Scripts using Guid(4d3f53be6919225498cdf3fee4f387c8) Importer(815301076,1909f56bfc062723c751e8b465ee728b)  -> (artifact id: '7909451599ae7f5a261acc9a7af8a935') in 0.007293 seconds 
========================================================================
Received Import Request.
  Time since last request: 7.109291 seconds.
  path: Assets/Materials
  artifactKey: Guid(9f571670a2c0f77488b18a32a28b3a7d) Importer(815301076,1909f56bfc062723c751e8b465ee728b)
Start importing Assets/Materials using Guid(9f571670a2c0f77488b18a32a28b3a7d) Importer(815301076,1909f56bfc062723c751e8b465ee728b)  -> (artifact id: '4ffa61a1a61f3ff1be5ee8084704f02a') in 0.008156 seconds 
========================================================================
Received Import Request.
  Time since last request: 3.705730 seconds.
  path: Assets/Art
  artifactKey: Guid(5087754d83cebd647903907794e9483f) Importer(815301076,1909f56bfc062723c751e8b465ee728b)
Start importing Assets/Art using Guid(5087754d83cebd647903907794e9483f) Importer(815301076,1909f56bfc062723c751e8b465ee728b)  -> (artifact id: 'ba25a959574fe052184fb852f8444cab') in 0.009325 seconds 
========================================================================
Received Import Request.
  Time since last request: 9.977650 seconds.
  path: Assets/Art/Textures
  artifactKey: Guid(c5a14577750f6c447ba1971f36605d49) Importer(815301076,1909f56bfc062723c751e8b465ee728b)
Start importing Assets/Art/Textures using Guid(c5a14577750f6c447ba1971f36605d49) Importer(815301076,1909f56bfc062723c751e8b465ee728b)  -> (artifact id: '64e96191776dd25279cab2ce618f24a9') in 0.011742 seconds 
========================================================================
Received Import Request.
  Time since last request: 5.868682 seconds.
  path: Assets/Art/Models
  artifactKey: Guid(0ae7901c964b1944a9e4dc765871f736) Importer(815301076,1909f56bfc062723c751e8b465ee728b)
Start importing Assets/Art/Models using Guid(0ae7901c964b1944a9e4dc765871f736) Importer(815301076,1909f56bfc062723c751e8b465ee728b)  -> (artifact id: '3f820ad9c1373796b5eb518bf4a3c8fd') in 0.007947 seconds 
========================================================================
Received Import Request.
  Time since last request: 7.763015 seconds.
  path: Assets/Animation
  artifactKey: Guid(7d6bd06dabd31ad47bd2950dbb19e413) Importer(815301076,1909f56bfc062723c751e8b465ee728b)
Start importing Assets/Animation using Guid(7d6bd06dabd31ad47bd2950dbb19e413) Importer(815301076,1909f56bfc062723c751e8b465ee728b)  -> (artifact id: '57aedb52502339ffb147b30193e5af36') in 0.006746 seconds 
========================================================================
Received Import Request.
  Time since last request: 2.678518 seconds.
  path: Assets/Animations
  artifactKey: Guid(7d6bd06dabd31ad47bd2950dbb19e413) Importer(815301076,1909f56bfc062723c751e8b465ee728b)
Start importing Assets/Animations using Guid(7d6bd06dabd31ad47bd2950dbb19e413) Importer(815301076,1909f56bfc062723c751e8b465ee728b)  -> (artifact id: '1df372df78ee1d20194f5c20daa561fc') in 0.009539 seconds 
========================================================================
Received Import Request.
  Time since last request: 4.267371 seconds.
  path: Assets/Audio
  artifactKey: Guid(d13fcbeddbbc3e94cbd82981dadaa4b8) Importer(815301076,1909f56bfc062723c751e8b465ee728b)
Start importing Assets/Audio using Guid(d13fcbeddbbc3e94cbd82981dadaa4b8) Importer(815301076,1909f56bfc062723c751e8b465ee728b)  -> (artifact id: '11594eda1584a57e9eea990556483831') in 0.008930 seconds 
========================================================================
Received Import Request.
  Time since last request: 9.177530 seconds.
  path: Assets/Audio/Music
  artifactKey: Guid(ef495e31f54c71e41a294e50fc67bcdf) Importer(815301076,1909f56bfc062723c751e8b465ee728b)
Start importing Assets/Audio/Music using Guid(ef495e31f54c71e41a294e50fc67bcdf) Importer(815301076,1909f56bfc062723c751e8b465ee728b)  -> (artifact id: '3c354e2c0679242b3a3d5c7d252d164c') in 0.009179 seconds 
========================================================================
Received Import Request.
  Time since last request: 3.891714 seconds.
  path: Assets/Audio/SFX
  artifactKey: Guid(9b2f1cdb257cf124a82c6650b5aa2d08) Importer(815301076,1909f56bfc062723c751e8b465ee728b)
Start importing Assets/Audio/SFX using Guid(9b2f1cdb257cf124a82c6650b5aa2d08) Importer(815301076,1909f56bfc062723c751e8b465ee728b)  -> (artifact id: '098bd0838272dde0137016cb14204c47') in 0.007181 seconds 
========================================================================
Received Import Request.
  Time since last request: 3.386954 seconds.
  path: Assets/Audio/Voice
  artifactKey: Guid(a4e1439deac35af46b244624dab2d5a0) Importer(815301076,1909f56bfc062723c751e8b465ee728b)
Start importing Assets/Audio/Voice using Guid(a4e1439deac35af46b244624dab2d5a0) Importer(815301076,1909f56bfc062723c751e8b465ee728b)  -> (artifact id: '9dbfa871667be3ec919b8d70e2f28485') in 0.007935 seconds 
========================================================================
Received Import Request.
  Time since last request: 18.127294 seconds.
  path: Assets/Fonts
  artifactKey: Guid(4fda4f94850325f49a2223eade52d0c5) Importer(815301076,1909f56bfc062723c751e8b465ee728b)
Start importing Assets/Fonts using Guid(4fda4f94850325f49a2223eade52d0c5) Importer(815301076,1909f56bfc062723c751e8b465ee728b)  -> (artifact id: 'd09b331457b093f5430c48d575737b2e') in 0.009008 seconds 
========================================================================
Received Import Request.
  Time since last request: 3.485037 seconds.
  path: Assets/Prefabs
  artifactKey: Guid(162659880ab7a6b4abe6e3f2830ff60f) Importer(815301076,1909f56bfc062723c751e8b465ee728b)
Start importing Assets/Prefabs using Guid(162659880ab7a6b4abe6e3f2830ff60f) Importer(815301076,1909f56bfc062723c751e8b465ee728b)  -> (artifact id: 'd59911b28ad5bbaede6b3179bed1f689') in 0.010614 seconds 
========================================================================
Received Import Request.
  Time since last request: 5.555362 seconds.
  path: Assets/UI
  artifactKey: Guid(fe0c0c3b996c2e34cbeab47c581e0c5b) Importer(815301076,1909f56bfc062723c751e8b465ee728b)
Start importing Assets/UI using Guid(fe0c0c3b996c2e34cbeab47c581e0c5b) Importer(815301076,1909f56bfc062723c751e8b465ee728b)  -> (artifact id: 'e425d8efe35ded3c75212b6d4b14024e') in 0.009047 seconds 
